2022-11-09 17:18:30
Full thread dump Java HotSpot(TM) 64-Bit Server VM (25.152-b16 mixed mode):

"Attach Listener" #10 daemon prio=9 os_prio=31 tid=0x00007fc5ab813800 nid=0x3b03 waiting on condition [0x0000000000000000]
   java.lang.Thread.State: RUNNABLE

"Service Thread" #9 daemon prio=9 os_prio=31 tid=0x00007fc5ac0a0800 nid=0x4703 runnable [0x0000000000000000]
   java.lang.Thread.State: RUNNABLE

"C1 CompilerThread2" #8 daemon prio=9 os_prio=31 tid=0x00007fc5ab812000 nid=0x4803 waiting on condition [0x0000000000000000]
   java.lang.Thread.State: RUNNABLE

"C2 CompilerThread1" #7 daemon prio=9 os_prio=31 tid=0x00007fc5ad830800 nid=0x3703 waiting on condition [0x0000000000000000]
   java.lang.Thread.State: RUNNABLE

"C2 CompilerThread0" #6 daemon prio=9 os_prio=31 tid=0x00007fc5ad82f800 nid=0x3603 waiting on condition [0x0000000000000000]
   java.lang.Thread.State: RUNNABLE

"Monitor Ctrl-Break" #5 daemon prio=5 os_prio=31 tid=0x00007fc5ac061800 nid=0x4a03 runnable [0x0000700006bcc000]
   java.lang.Thread.State: RUNNABLE
	at java.net.SocketInputStream.socketRead0(Native Method)
	at java.net.SocketInputStream.socketRead(SocketInputStream.java:116)
	at java.net.SocketInputStream.read(SocketInputStream.java:171)
	at java.net.SocketInputStream.read(SocketInputStream.java:141)
	at sun.nio.cs.StreamDecoder.readBytes(StreamDecoder.java:284)
	at sun.nio.cs.StreamDecoder.implRead(StreamDecoder.java:326)
	at sun.nio.cs.StreamDecoder.read(StreamDecoder.java:178)
	- locked <0x0000000795709530> (a java.io.InputStreamReader)
	at java.io.InputStreamReader.read(InputStreamReader.java:184)
	at java.io.BufferedReader.fill(BufferedReader.java:161)
	at java.io.BufferedReader.readLine(BufferedReader.java:324)
	- locked <0x0000000795709530> (a java.io.InputStreamReader)
	at java.io.BufferedReader.readLine(BufferedReader.java:389)
	at com.intellij.rt.execution.application.AppMainV2$1.run(AppMainV2.java:49)

"Signal Dispatcher" #4 daemon prio=9 os_prio=31 tid=0x00007fc5ad819000 nid=0x3303 runnable [0x0000000000000000]
   java.lang.Thread.State: RUNNABLE

"Finalizer" #3 daemon prio=8 os_prio=31 tid=0x00007fc5ab810000 nid=0x5103 in Object.wait() [0x00007000068c0000]
   java.lang.Thread.State: WAITING (on object monitor)
	at java.lang.Object.wait(Native Method)
	- waiting on <0x0000000795588ec8> (a java.lang.ref.ReferenceQueue$Lock)
	at java.lang.ref.ReferenceQueue.remove(ReferenceQueue.java:143)
	- locked <0x0000000795588ec8> (a java.lang.ref.ReferenceQueue$Lock)
	at java.lang.ref.ReferenceQueue.remove(ReferenceQueue.java:164)
	at java.lang.ref.Finalizer$FinalizerThread.run(Finalizer.java:209)

"Reference Handler" #2 daemon prio=10 os_prio=31 tid=0x00007fc5ab809000 nid=0x2c03 in Object.wait() [0x00007000067bd000]
   java.lang.Thread.State: WAITING (on object monitor)
	at java.lang.Object.wait(Native Method)
	- waiting on <0x0000000795586b68> (a java.lang.ref.Reference$Lock)
	at java.lang.Object.wait(Object.java:502)
	at java.lang.ref.Reference.tryHandlePending(Reference.java:191)
	- locked <0x0000000795586b68> (a java.lang.ref.Reference$Lock)
	at java.lang.ref.Reference$ReferenceHandler.run(Reference.java:153)

"main" #1 prio=5 os_prio=31 tid=0x00007fc5ac00f000 nid=0xa03 waiting on condition [0x00007000061ab000]
   java.lang.Thread.State: TIMED_WAITING (sleeping)
	at java.lang.Thread.sleep(Native Method)
	at Main.main(Main.java:46)

"VM Thread" os_prio=31 tid=0x00007fc5ab80f800 nid=0x5403 runnable 

"GC task thread#0 (ParallelGC)" os_prio=31 tid=0x00007fc5ac01b800 nid=0x2207 runnable 

"GC task thread#1 (ParallelGC)" os_prio=31 tid=0x00007fc5ac01c000 nid=0x2003 runnable 

"GC task thread#2 (ParallelGC)" os_prio=31 tid=0x00007fc5ac01c800 nid=0x1e03 runnable 

"GC task thread#3 (ParallelGC)" os_prio=31 tid=0x00007fc5ac01d000 nid=0x2a03 runnable 

"VM Periodic Task Thread" os_prio=31 tid=0x00007fc5ad85b000 nid=0x4503 waiting on condition 

JNI global references: 16

